<?xml version="1.0" encoding="UTF-8"?><testsuite errors="0" failures="1" name="Eliminar producto del carrito" skipped="0" tests="1" time="29.49" timestamp="2026-06-04 04:17:32"><testcase name="Eliminar producto del carrito"><failure message="Expected enabled element was not enabled" type="net.thucydides.core.webdriver.exceptions.ElementShouldBeEnabledException">Expected enabled element was not enabled</failure><system-err>Expected enabled element was not enabled&#13;
co.com.Automatizacion.task.EliminarProducto.performAs(EliminarProducto.java:20)&#13;
co.com.Automatizacion.stepsdefinitions.EliminarProductoStepDefinitions.eliminaElProductoDelCarrito(EliminarProductoStepDefinitions.java:17)&#13;
cucumber.runner.Runner.runPickle(Runner.java:80)&#13;
worker.org.gradle.process.internal.worker.GradleWorkerMain.run(GradleWorkerMain.java:69)&#13;
worker.org.gradle.process.internal.worker.GradleWorkerMain.main(GradleWorkerMain.java:74)&#13;
</system-err></testcase></testsuite>